<?xml version="1.0" encoding="UTF-8"?>
<!-- Generated by org.testng.reporters.JUnitReportReporter -->
<testsuite hostname="DESKTOP-239U23E" failures="0" tests="1" name="Base.LoginTest" time="26.285" errors="0" timestamp="2025-04-04T22:04:31 IST" skipped="0">
  <testcase classname="Base.LoginTest" name="testValidLogin" time="26.285"/>
  <system-out/>
</testsuite> <!-- Base.LoginTest -->
